[debug] [2024-10-27T06:34:44.450Z] ----------------------------------------------------------------------
[debug] [2024-10-27T06:34:44.455Z] Command:       D:\node.exe C:\Users\a0102\AppData\Roaming\npm\node_modules\firebase-tools\lib\bin\firebase.js emulators:start --only firestore
[debug] [2024-10-27T06:34:44.455Z] CLI Version:   13.23.0
[debug] [2024-10-27T06:34:44.456Z] Platform:      win32
[debug] [2024-10-27T06:34:44.456Z] Node Version:  v20.11.1
[debug] [2024-10-27T06:34:44.456Z] Time:          Sun Oct 27 2024 15:34:44 GMT+0900 (대한민국 표준시)
[debug] [2024-10-27T06:34:44.456Z] ----------------------------------------------------------------------
[debug] 
[debug] [2024-10-27T06:34:44.598Z] > command requires scopes: ["email","openid","https://www.googleapis.com/auth/cloudplatformprojects.readonly","https://www.googleapis.com/auth/firebase","https://www.googleapis.com/auth/cloud-platform"]
[debug] [2024-10-27T06:34:44.599Z] > authorizing via signed-in user (a22950973@gmail.com)
[debug] [2024-10-27T06:34:45.388Z] openjdk version "17.0.5" 2022-10-18 LTS

[debug] [2024-10-27T06:34:45.388Z] OpenJDK Runtime Environment Zulu17.38+21-CA (build 17.0.5+8-LTS)
OpenJDK 64-Bit Server VM Zulu17.38+21-CA (build 17.0.5+8-LTS, mixed mode, sharing)

[debug] [2024-10-27T06:34:45.401Z] Parsed Java major version: 17
[info] i  emulators: Starting emulators: firestore {"metadata":{"emulator":{"name":"hub"},"message":"Starting emulators: firestore"}}
[debug] [2024-10-27T06:34:45.414Z] [logging] Logging Emulator only supports listening on one address (127.0.0.1). Not listening on ::1
[debug] [2024-10-27T06:34:45.414Z] [firestore] Firestore Emulator only supports listening on one address (127.0.0.1). Not listening on ::1
[debug] [2024-10-27T06:34:45.414Z] [firestore.websocket] websocket server for firestore only supports listening on one address (127.0.0.1). Not listening on ::1
[debug] [2024-10-27T06:34:45.414Z] assigned listening specs for emulators {"user":{"hub":[{"address":"127.0.0.1","family":"IPv4","port":4400},{"address":"::1","family":"IPv6","port":4400}],"ui":[{"address":"127.0.0.1","family":"IPv4","port":4000},{"address":"::1","family":"IPv6","port":4000}],"logging":[{"address":"127.0.0.1","family":"IPv4","port":4500}],"firestore":[{"address":"127.0.0.1","family":"IPv4","port":8080}],"firestore.websocket":[{"address":"127.0.0.1","family":"IPv4","port":9150}]},"metadata":{"message":"assigned listening specs for emulators"}}
[debug] [2024-10-27T06:34:45.419Z] [hub] writing locator at C:\Users\a0102\AppData\Local\Temp\hub-donquiz-f7248.json
[info] i  firestore: downloading cloud-firestore-emulator-v1.19.8.jar... {"metadata":{"emulator":{"name":"firestore"},"message":"downloading cloud-firestore-emulator-v1.19.8.jar..."}}
[debug] [2024-10-27T06:34:45.437Z] >>> [apiv2][query] GET https://storage.googleapis.com/firebase-preview-drop/emulator/cloud-firestore-emulator-v1.19.8.jar 
[debug] [2024-10-27T06:34:45.984Z] <<< [apiv2][status] GET https://storage.googleapis.com/firebase-preview-drop/emulator/cloud-firestore-emulator-v1.19.8.jar 200
[debug] [2024-10-27T06:34:45.984Z] <<< [apiv2][body] GET https://storage.googleapis.com/firebase-preview-drop/emulator/cloud-firestore-emulator-v1.19.8.jar [stream]
[debug] [2024-10-27T06:47:36.689Z] Ignoring unsupported arg: auto_download {"metadata":{"emulator":{"name":"firestore"},"message":"Ignoring unsupported arg: auto_download"}}
[debug] [2024-10-27T06:47:36.689Z] Ignoring unsupported arg: single_project_mode_error {"metadata":{"emulator":{"name":"firestore"},"message":"Ignoring unsupported arg: single_project_mode_error"}}
[debug] [2024-10-27T06:47:36.690Z] Starting Firestore Emulator with command {"binary":"java","args":["-Dgoogle.cloud_firestore.debug_log_level=FINE","-Duser.language=en","-jar","C:\\Users\\a0102\\.cache\\firebase\\emulators\\cloud-firestore-emulator-v1.19.8.jar","--host","127.0.0.1","--port",8080,"--websocket_port",9150,"--project_id","donquiz-f7248","--rules","D:\\Users\\a0102\\OneDrive\\바탕 화면\\donquiz\\donquiz\\firestore.rules","--single_project_mode",true],"optionalArgs":["port","webchannel_port","host","rules","websocket_port","functions_emulator","seed_from_export","project_id","single_project_mode"],"joinArgs":false,"shell":false,"port":8080} {"metadata":{"emulator":{"name":"firestore"},"message":"Starting Firestore Emulator with command {\"binary\":\"java\",\"args\":[\"-Dgoogle.cloud_firestore.debug_log_level=FINE\",\"-Duser.language=en\",\"-jar\",\"C:\\\\Users\\\\a0102\\\\.cache\\\\firebase\\\\emulators\\\\cloud-firestore-emulator-v1.19.8.jar\",\"--host\",\"127.0.0.1\",\"--port\",8080,\"--websocket_port\",9150,\"--project_id\",\"donquiz-f7248\",\"--rules\",\"D:\\\\Users\\\\a0102\\\\OneDrive\\\\바탕 화면\\\\donquiz\\\\donquiz\\\\firestore.rules\",\"--single_project_mode\",true],\"optionalArgs\":[\"port\",\"webchannel_port\",\"host\",\"rules\",\"websocket_port\",\"functions_emulator\",\"seed_from_export\",\"project_id\",\"single_project_mode\"],\"joinArgs\":false,\"shell\":false,\"port\":8080}"}}
[info] i  firestore: Firestore Emulator logging to firestore-debug.log {"metadata":{"emulator":{"name":"firestore"},"message":"Firestore Emulator logging to \u001b[1mfirestore-debug.log\u001b[22m"}}
[debug] [2024-10-27T06:47:39.156Z] Oct 27, 2024 3:47:39 PM com.google.cloud.datastore.emulator.firestore.websocket.WebSocketServer start
INFO: Started WebSocket server on ws://127.0.0.1:9150
 {"metadata":{"emulator":{"name":"firestore"},"message":"Oct 27, 2024 3:47:39 PM com.google.cloud.datastore.emulator.firestore.websocket.WebSocketServer start\r\nINFO: Started WebSocket server on ws://127.0.0.1:9150\r\n"}}
[debug] [2024-10-27T06:47:39.210Z] API endpoint: http:// {"metadata":{"emulator":{"name":"firestore"},"message":"API endpoint: http://"}}
[debug] [2024-10-27T06:47:39.210Z] 127.0.0.1:8080
If you are using a library that supports the FIRESTORE_EMULATOR_HOST environment variable, run:

   export FIRESTORE_EMULATOR_HOST=127.0.0.1:8080

If you are running a Firestore in Datastore Mode project, run:

   export DATASTORE_EMULATOR_HOST=127.0.0.1:8080

Note: Support for Datastore Mode is in preview. If you encounter any bugs please file at https://github.com/firebase/firebase-tools/issues.
Dev App Server is now running.

 {"metadata":{"emulator":{"name":"firestore"},"message":"127.0.0.1:8080\nIf you are using a library that supports the FIRESTORE_EMULATOR_HOST environment variable, run:\r\n\n   export FIRESTORE_EMULATOR_HOST=127.0.0.1:8080\n\nIf you are running a Firestore in Datastore Mode project, run:\r\n\n   export DATASTORE_EMULATOR_HOST=127.0.0.1:8080\n\nNote: Support for Datastore Mode is in preview. If you encounter any bugs please file at https://github.com/firebase/firebase-tools/issues.\r\nDev App Server is now running.\n\r\n"}}
[info] +  firestore: Firestore Emulator UI websocket is running on 9150. {"metadata":{"emulator":{"name":"firestore"},"message":"Firestore Emulator UI websocket is running on 9150."}}
[info] i  ui: downloading ui-v1.14.0.zip... {"metadata":{"emulator":{"name":"ui"},"message":"downloading ui-v1.14.0.zip..."}}
[debug] [2024-10-27T06:47:39.287Z] >>> [apiv2][query] GET https://storage.googleapis.com/firebase-preview-drop/emulator/ui-v1.14.0.zip 
[debug] [2024-10-27T06:47:39.514Z] <<< [apiv2][status] GET https://storage.googleapis.com/firebase-preview-drop/emulator/ui-v1.14.0.zip 200
[debug] [2024-10-27T06:47:39.514Z] <<< [apiv2][body] GET https://storage.googleapis.com/firebase-preview-drop/emulator/ui-v1.14.0.zip [stream]
[debug] [2024-10-27T06:48:23.836Z] Data is 3615311
[debug] [2024-10-27T06:48:23.836Z] [unzip] Entry: client/ (compressed_size=0 bytes, uncompressed_size=0 bytes)
[debug] [2024-10-27T06:48:23.836Z] [unzip] Processing entry: client\
[debug] [2024-10-27T06:48:23.836Z] [unzip] mkdir: C:\Users\a0102\.cache\firebase\emulators\ui-v1.14.0\client\
[debug] [2024-10-27T06:48:23.837Z] [unzip] Entry: client/favicon-16x16.png (compressed_size=293 bytes, uncompressed_size=293 bytes)
[debug] [2024-10-27T06:48:23.837Z] [unzip] Processing entry: client\favicon-16x16.png
[debug] [2024-10-27T06:48:23.837Z] [unzip] else mkdir: C:\Users\a0102\.cache\firebase\emulators\ui-v1.14.0\client
[debug] [2024-10-27T06:48:23.838Z] [unzip] Writing file: C:\Users\a0102\.cache\firebase\emulators\ui-v1.14.0\client\favicon-16x16.png
[debug] [2024-10-27T06:48:23.839Z] [unzip] Entry: client/safari-pinned-tab.svg (compressed_size=1433 bytes, uncompressed_size=2611 bytes)
[debug] [2024-10-27T06:48:23.839Z] [unzip] Processing entry: client\safari-pinned-tab.svg
[debug] [2024-10-27T06:48:23.839Z] [unzip] else mkdir: C:\Users\a0102\.cache\firebase\emulators\ui-v1.14.0\client
[debug] [2024-10-27T06:48:23.839Z] [unzip] deflating: C:\Users\a0102\.cache\firebase\emulators\ui-v1.14.0\client\safari-pinned-tab.svg
[debug] [2024-10-27T06:48:23.844Z] [unzip] Entry: client/favicon.ico (compressed_size=2933 bytes, uncompressed_size=13294 bytes)
[debug] [2024-10-27T06:48:23.844Z] [unzip] Processing entry: client\favicon.ico
[debug] [2024-10-27T06:48:23.844Z] [unzip] else mkdir: C:\Users\a0102\.cache\firebase\emulators\ui-v1.14.0\client
[debug] [2024-10-27T06:48:23.845Z] [unzip] deflating: C:\Users\a0102\.cache\firebase\emulators\ui-v1.14.0\client\favicon.ico
[debug] [2024-10-27T06:48:23.847Z] [unzip] Entry: client/index.html (compressed_size=1363 bytes, uncompressed_size=3071 bytes)
[debug] [2024-10-27T06:48:23.848Z] [unzip] Processing entry: client\index.html
[debug] [2024-10-27T06:48:23.848Z] [unzip] else mkdir: C:\Users\a0102\.cache\firebase\emulators\ui-v1.14.0\client
[debug] [2024-10-27T06:48:23.848Z] [unzip] deflating: C:\Users\a0102\.cache\firebase\emulators\ui-v1.14.0\client\index.html
[debug] [2024-10-27T06:48:23.850Z] [unzip] Entry: client/android-chrome-192x192.png (compressed_size=2684 bytes, uncompressed_size=2684 bytes)
[debug] [2024-10-27T06:48:23.850Z] [unzip] Processing entry: client\android-chrome-192x192.png
[debug] [2024-10-27T06:48:23.850Z] [unzip] else mkdir: C:\Users\a0102\.cache\firebase\emulators\ui-v1.14.0\client
[debug] [2024-10-27T06:48:23.851Z] [unzip] Writing file: C:\Users\a0102\.cache\firebase\emulators\ui-v1.14.0\client\android-chrome-192x192.png
[debug] [2024-10-27T06:48:23.852Z] [unzip] Entry: client/apple-touch-icon.png (compressed_size=2123 bytes, uncompressed_size=2152 bytes)
[debug] [2024-10-27T06:48:23.852Z] [unzip] Processing entry: client\apple-touch-icon.png
[debug] [2024-10-27T06:48:23.852Z] [unzip] else mkdir: C:\Users\a0102\.cache\firebase\emulators\ui-v1.14.0\client
[debug] [2024-10-27T06:48:23.853Z] [unzip] deflating: C:\Users\a0102\.cache\firebase\emulators\ui-v1.14.0\client\apple-touch-icon.png
[debug] [2024-10-27T06:48:23.855Z] [unzip] Entry: client/android-chrome-512x512.png (compressed_size=5369 bytes, uncompressed_size=5411 bytes)
[debug] [2024-10-27T06:48:23.855Z] [unzip] Processing entry: client\android-chrome-512x512.png
[debug] [2024-10-27T06:48:23.855Z] [unzip] else mkdir: C:\Users\a0102\.cache\firebase\emulators\ui-v1.14.0\client
[debug] [2024-10-27T06:48:23.855Z] [unzip] deflating: C:\Users\a0102\.cache\firebase\emulators\ui-v1.14.0\client\android-chrome-512x512.png
[debug] [2024-10-27T06:48:23.857Z] [unzip] Entry: client/manifest.json (compressed_size=245 bytes, uncompressed_size=551 bytes)
[debug] [2024-10-27T06:48:23.858Z] [unzip] Processing entry: client\manifest.json
[debug] [2024-10-27T06:48:23.858Z] [unzip] else mkdir: C:\Users\a0102\.cache\firebase\emulators\ui-v1.14.0\client
[debug] [2024-10-27T06:48:23.858Z] [unzip] deflating: C:\Users\a0102\.cache\firebase\emulators\ui-v1.14.0\client\manifest.json
[debug] [2024-10-27T06:48:23.860Z] [unzip] Entry: client/robots.txt (compressed_size=26 bytes, uncompressed_size=26 bytes)
[debug] [2024-10-27T06:48:23.860Z] [unzip] Processing entry: client\robots.txt
[debug] [2024-10-27T06:48:23.860Z] [unzip] else mkdir: C:\Users\a0102\.cache\firebase\emulators\ui-v1.14.0\client
[debug] [2024-10-27T06:48:23.861Z] [unzip] Writing file: C:\Users\a0102\.cache\firebase\emulators\ui-v1.14.0\client\robots.txt
[debug] [2024-10-27T06:48:23.864Z] [unzip] Entry: client/mstile-150x150.png (compressed_size=2034 bytes, uncompressed_size=2034 bytes)
[debug] [2024-10-27T06:48:23.864Z] [unzip] Processing entry: client\mstile-150x150.png
[debug] [2024-10-27T06:48:23.864Z] [unzip] else mkdir: C:\Users\a0102\.cache\firebase\emulators\ui-v1.14.0\client
[debug] [2024-10-27T06:48:23.864Z] [unzip] Writing file: C:\Users\a0102\.cache\firebase\emulators\ui-v1.14.0\client\mstile-150x150.png
[debug] [2024-10-27T06:48:23.866Z] [unzip] Entry: client/assets/ (compressed_size=0 bytes, uncompressed_size=0 bytes)
[debug] [2024-10-27T06:48:23.867Z] [unzip] Processing entry: client\assets\
[debug] [2024-10-27T06:48:23.867Z] [unzip] mkdir: C:\Users\a0102\.cache\firebase\emulators\ui-v1.14.0\client\assets\
[debug] [2024-10-27T06:48:23.867Z] [unzip] Entry: client/assets/index-ClZTY_JS.js.map (compressed_size=2328270 bytes, uncompressed_size=9947004 bytes)
[debug] [2024-10-27T06:48:23.867Z] [unzip] Processing entry: client\assets\index-ClZTY_JS.js.map
[debug] [2024-10-27T06:48:23.867Z] [unzip] else mkdir: C:\Users\a0102\.cache\firebase\emulators\ui-v1.14.0\client\assets
[debug] [2024-10-27T06:48:23.868Z] [unzip] deflating: C:\Users\a0102\.cache\firebase\emulators\ui-v1.14.0\client\assets\index-ClZTY_JS.js.map
[debug] [2024-10-27T06:48:23.970Z] [unzip] Entry: client/assets/index-ClZTY_JS.js (compressed_size=567195 bytes, uncompressed_size=2035940 bytes)
[debug] [2024-10-27T06:48:23.971Z] [unzip] Processing entry: client\assets\index-ClZTY_JS.js
[debug] [2024-10-27T06:48:23.971Z] [unzip] else mkdir: C:\Users\a0102\.cache\firebase\emulators\ui-v1.14.0\client\assets
[debug] [2024-10-27T06:48:23.972Z] [unzip] deflating: C:\Users\a0102\.cache\firebase\emulators\ui-v1.14.0\client\assets\index-ClZTY_JS.js
[debug] [2024-10-27T06:48:23.987Z] [unzip] Entry: client/assets/index-BdgySamB.css (compressed_size=35979 bytes, uncompressed_size=298654 bytes)
[debug] [2024-10-27T06:48:23.987Z] [unzip] Processing entry: client\assets\index-BdgySamB.css
[debug] [2024-10-27T06:48:23.987Z] [unzip] else mkdir: C:\Users\a0102\.cache\firebase\emulators\ui-v1.14.0\client\assets
[debug] [2024-10-27T06:48:23.987Z] [unzip] deflating: C:\Users\a0102\.cache\firebase\emulators\ui-v1.14.0\client\assets\index-BdgySamB.css
[debug] [2024-10-27T06:48:23.990Z] [unzip] Entry: client/assets/extensions/ (compressed_size=0 bytes, uncompressed_size=0 bytes)
[debug] [2024-10-27T06:48:23.991Z] [unzip] Processing entry: client\assets\extensions\
[debug] [2024-10-27T06:48:23.991Z] [unzip] mkdir: C:\Users\a0102\.cache\firebase\emulators\ui-v1.14.0\client\assets\extensions\
[debug] [2024-10-27T06:48:23.991Z] [unzip] Entry: client/assets/extensions/default-extension.png (compressed_size=1646 bytes, uncompressed_size=1657 bytes)
[debug] [2024-10-27T06:48:23.992Z] [unzip] Processing entry: client\assets\extensions\default-extension.png
[debug] [2024-10-27T06:48:23.992Z] [unzip] else mkdir: C:\Users\a0102\.cache\firebase\emulators\ui-v1.14.0\client\assets\extensions
[debug] [2024-10-27T06:48:23.992Z] [unzip] deflating: C:\Users\a0102\.cache\firebase\emulators\ui-v1.14.0\client\assets\extensions\default-extension.png
[debug] [2024-10-27T06:48:23.994Z] [unzip] Entry: client/assets/img/ (compressed_size=0 bytes, uncompressed_size=0 bytes)
[debug] [2024-10-27T06:48:23.994Z] [unzip] Processing entry: client\assets\img\
[debug] [2024-10-27T06:48:23.994Z] [unzip] mkdir: C:\Users\a0102\.cache\firebase\emulators\ui-v1.14.0\client\assets\img\
[debug] [2024-10-27T06:48:23.995Z] [unzip] Entry: client/assets/img/database.png (compressed_size=29449 bytes, uncompressed_size=29988 bytes)
[debug] [2024-10-27T06:48:23.995Z] [unzip] Processing entry: client\assets\img\database.png
[debug] [2024-10-27T06:48:23.995Z] [unzip] else mkdir: C:\Users\a0102\.cache\firebase\emulators\ui-v1.14.0\client\assets\img
[debug] [2024-10-27T06:48:23.997Z] [unzip] deflating: C:\Users\a0102\.cache\firebase\emulators\ui-v1.14.0\client\assets\img\database.png
[debug] [2024-10-27T06:48:24.003Z] [unzip] Entry: client/assets/provider-icons/ (compressed_size=0 bytes, uncompressed_size=0 bytes)
[debug] [2024-10-27T06:48:24.003Z] [unzip] Processing entry: client\assets\provider-icons\
[debug] [2024-10-27T06:48:24.003Z] [unzip] mkdir: C:\Users\a0102\.cache\firebase\emulators\ui-v1.14.0\client\assets\provider-icons\
[debug] [2024-10-27T06:48:24.004Z] [unzip] Entry: client/assets/provider-icons/auth_service_saml.svg (compressed_size=575 bytes, uncompressed_size=1226 bytes)
[debug] [2024-10-27T06:48:24.004Z] [unzip] Processing entry: client\assets\provider-icons\auth_service_saml.svg
[debug] [2024-10-27T06:48:24.004Z] [unzip] else mkdir: C:\Users\a0102\.cache\firebase\emulators\ui-v1.14.0\client\assets\provider-icons
[debug] [2024-10-27T06:48:24.004Z] [unzip] deflating: C:\Users\a0102\.cache\firebase\emulators\ui-v1.14.0\client\assets\provider-icons\auth_service_saml.svg
[debug] [2024-10-27T06:48:24.007Z] [unzip] Entry: client/assets/provider-icons/auth_service_phone.svg (compressed_size=261 bytes, uncompressed_size=414 bytes)
[debug] [2024-10-27T06:48:24.007Z] [unzip] Processing entry: client\assets\provider-icons\auth_service_phone.svg
[debug] [2024-10-27T06:48:24.007Z] [unzip] else mkdir: C:\Users\a0102\.cache\firebase\emulators\ui-v1.14.0\client\assets\provider-icons
[debug] [2024-10-27T06:48:24.008Z] [unzip] deflating: C:\Users\a0102\.cache\firebase\emulators\ui-v1.14.0\client\assets\provider-icons\auth_service_phone.svg
[debug] [2024-10-27T06:48:24.011Z] [unzip] Entry: client/assets/provider-icons/auth_service_facebook.svg (compressed_size=289 bytes, uncompressed_size=457 bytes)
[debug] [2024-10-27T06:48:24.011Z] [unzip] Processing entry: client\assets\provider-icons\auth_service_facebook.svg
[debug] [2024-10-27T06:48:24.011Z] [unzip] else mkdir: C:\Users\a0102\.cache\firebase\emulators\ui-v1.14.0\client\assets\provider-icons
[debug] [2024-10-27T06:48:24.012Z] [unzip] deflating: C:\Users\a0102\.cache\firebase\emulators\ui-v1.14.0\client\assets\provider-icons\auth_service_facebook.svg
[debug] [2024-10-27T06:48:24.014Z] [unzip] Entry: client/assets/provider-icons/auth_service_game_center.svg (compressed_size=991 bytes, uncompressed_size=3921 bytes)
[debug] [2024-10-27T06:48:24.014Z] [unzip] Processing entry: client\assets\provider-icons\auth_service_game_center.svg
[debug] [2024-10-27T06:48:24.014Z] [unzip] else mkdir: C:\Users\a0102\.cache\firebase\emulators\ui-v1.14.0\client\assets\provider-icons
[debug] [2024-10-27T06:48:24.016Z] [unzip] deflating: C:\Users\a0102\.cache\firebase\emulators\ui-v1.14.0\client\assets\provider-icons\auth_service_game_center.svg
[debug] [2024-10-27T06:48:24.017Z] [unzip] Entry: client/assets/provider-icons/auth_service_apple.svg (compressed_size=230 bytes, uncompressed_size=334 bytes)
[debug] [2024-10-27T06:48:24.018Z] [unzip] Processing entry: client\assets\provider-icons\auth_service_apple.svg
[debug] [2024-10-27T06:48:24.018Z] [unzip] else mkdir: C:\Users\a0102\.cache\firebase\emulators\ui-v1.14.0\client\assets\provider-icons
[debug] [2024-10-27T06:48:24.018Z] [unzip] deflating: C:\Users\a0102\.cache\firebase\emulators\ui-v1.14.0\client\assets\provider-icons\auth_service_apple.svg
[debug] [2024-10-27T06:48:24.021Z] [unzip] Entry: client/assets/provider-icons/auth_service_github.svg (compressed_size=466 bytes, uncompressed_size=838 bytes)
[debug] [2024-10-27T06:48:24.021Z] [unzip] Processing entry: client\assets\provider-icons\auth_service_github.svg
[debug] [2024-10-27T06:48:24.021Z] [unzip] else mkdir: C:\Users\a0102\.cache\firebase\emulators\ui-v1.14.0\client\assets\provider-icons
[debug] [2024-10-27T06:48:24.022Z] [unzip] deflating: C:\Users\a0102\.cache\firebase\emulators\ui-v1.14.0\client\assets\provider-icons\auth_service_github.svg
[debug] [2024-10-27T06:48:24.024Z] [unzip] Entry: client/assets/provider-icons/auth_service_mslive.svg (compressed_size=203 bytes, uncompressed_size=378 bytes)
[debug] [2024-10-27T06:48:24.024Z] [unzip] Processing entry: client\assets\provider-icons\auth_service_mslive.svg
[debug] [2024-10-27T06:48:24.024Z] [unzip] else mkdir: C:\Users\a0102\.cache\firebase\emulators\ui-v1.14.0\client\assets\provider-icons
[debug] [2024-10-27T06:48:24.025Z] [unzip] deflating: C:\Users\a0102\.cache\firebase\emulators\ui-v1.14.0\client\assets\provider-icons\auth_service_mslive.svg
[debug] [2024-10-27T06:48:24.028Z] [unzip] Entry: client/assets/provider-icons/auth_service_yahoo.svg (compressed_size=577 bytes, uncompressed_size=1182 bytes)
[debug] [2024-10-27T06:48:24.029Z] [unzip] Processing entry: client\assets\provider-icons\auth_service_yahoo.svg
[debug] [2024-10-27T06:48:24.029Z] [unzip] else mkdir: C:\Users\a0102\.cache\firebase\emulators\ui-v1.14.0\client\assets\provider-icons
[debug] [2024-10-27T06:48:24.030Z] [unzip] deflating: C:\Users\a0102\.cache\firebase\emulators\ui-v1.14.0\client\assets\provider-icons\auth_service_yahoo.svg
[debug] [2024-10-27T06:48:24.033Z] [unzip] Entry: client/assets/provider-icons/auth_service_twitter.svg (compressed_size=444 bytes, uncompressed_size=751 bytes)
[debug] [2024-10-27T06:48:24.033Z] [unzip] Processing entry: client\assets\provider-icons\auth_service_twitter.svg
[debug] [2024-10-27T06:48:24.033Z] [unzip] else mkdir: C:\Users\a0102\.cache\firebase\emulators\ui-v1.14.0\client\assets\provider-icons
[debug] [2024-10-27T06:48:24.034Z] [unzip] deflating: C:\Users\a0102\.cache\firebase\emulators\ui-v1.14.0\client\assets\provider-icons\auth_service_twitter.svg
[debug] [2024-10-27T06:48:24.036Z] [unzip] Entry: client/assets/provider-icons/auth_service_play_games.svg (compressed_size=565 bytes, uncompressed_size=1173 bytes)
[debug] [2024-10-27T06:48:24.036Z] [unzip] Processing entry: client\assets\provider-icons\auth_service_play_games.svg
[debug] [2024-10-27T06:48:24.036Z] [unzip] else mkdir: C:\Users\a0102\.cache\firebase\emulators\ui-v1.14.0\client\assets\provider-icons
[debug] [2024-10-27T06:48:24.037Z] [unzip] deflating: C:\Users\a0102\.cache\firebase\emulators\ui-v1.14.0\client\assets\provider-icons\auth_service_play_games.svg
[debug] [2024-10-27T06:48:24.045Z] [unzip] Entry: client/assets/provider-icons/auth_service_email.svg (compressed_size=228 bytes, uncompressed_size=326 bytes)
[debug] [2024-10-27T06:48:24.045Z] [unzip] Processing entry: client\assets\provider-icons\auth_service_email.svg
[debug] [2024-10-27T06:48:24.045Z] [unzip] else mkdir: C:\Users\a0102\.cache\firebase\emulators\ui-v1.14.0\client\assets\provider-icons
[debug] [2024-10-27T06:48:24.047Z] [unzip] deflating: C:\Users\a0102\.cache\firebase\emulators\ui-v1.14.0\client\assets\provider-icons\auth_service_email.svg
[debug] [2024-10-27T06:48:24.048Z] [unzip] Entry: client/assets/provider-icons/auth_service_google.svg (compressed_size=409 bytes, uncompressed_size=720 bytes)
[debug] [2024-10-27T06:48:24.048Z] [unzip] Processing entry: client\assets\provider-icons\auth_service_google.svg
[debug] [2024-10-27T06:48:24.048Z] [unzip] else mkdir: C:\Users\a0102\.cache\firebase\emulators\ui-v1.14.0\client\assets\provider-icons
[debug] [2024-10-27T06:48:24.049Z] [unzip] deflating: C:\Users\a0102\.cache\firebase\emulators\ui-v1.14.0\client\assets\provider-icons\auth_service_google.svg
[debug] [2024-10-27T06:48:24.050Z] [unzip] Entry: client/assets/provider-icons/auth_service_oidc.svg (compressed_size=414 bytes, uncompressed_size=858 bytes)
[debug] [2024-10-27T06:48:24.050Z] [unzip] Processing entry: client\assets\provider-icons\auth_service_oidc.svg
[debug] [2024-10-27T06:48:24.050Z] [unzip] else mkdir: C:\Users\a0102\.cache\firebase\emulators\ui-v1.14.0\client\assets\provider-icons
[debug] [2024-10-27T06:48:24.051Z] [unzip] deflating: C:\Users\a0102\.cache\firebase\emulators\ui-v1.14.0\client\assets\provider-icons\auth_service_oidc.svg
[debug] [2024-10-27T06:48:24.053Z] [unzip] Entry: client/browserconfig.xml (compressed_size=491 bytes, uncompressed_size=822 bytes)
[debug] [2024-10-27T06:48:24.053Z] [unzip] Processing entry: client\browserconfig.xml
[debug] [2024-10-27T06:48:24.053Z] [unzip] else mkdir: C:\Users\a0102\.cache\firebase\emulators\ui-v1.14.0\client
[debug] [2024-10-27T06:48:24.054Z] [unzip] deflating: C:\Users\a0102\.cache\firebase\emulators\ui-v1.14.0\client\browserconfig.xml
[debug] [2024-10-27T06:48:24.056Z] [unzip] Entry: client/favicon-32x32.png (compressed_size=475 bytes, uncompressed_size=475 bytes)
[debug] [2024-10-27T06:48:24.056Z] [unzip] Processing entry: client\favicon-32x32.png
[debug] [2024-10-27T06:48:24.056Z] [unzip] else mkdir: C:\Users\a0102\.cache\firebase\emulators\ui-v1.14.0\client
[debug] [2024-10-27T06:48:24.056Z] [unzip] Writing file: C:\Users\a0102\.cache\firebase\emulators\ui-v1.14.0\client\favicon-32x32.png
[debug] [2024-10-27T06:48:24.067Z] [unzip] Entry: server/ (compressed_size=0 bytes, uncompressed_size=0 bytes)
[debug] [2024-10-27T06:48:24.067Z] [unzip] Processing entry: server\
[debug] [2024-10-27T06:48:24.067Z] [unzip] mkdir: C:\Users\a0102\.cache\firebase\emulators\ui-v1.14.0\server\
[debug] [2024-10-27T06:48:24.068Z] [unzip] Entry: server/server.mjs.map (compressed_size=296496 bytes, uncompressed_size=1355667 bytes)
[debug] [2024-10-27T06:48:24.068Z] [unzip] Processing entry: server\server.mjs.map
[debug] [2024-10-27T06:48:24.068Z] [unzip] else mkdir: C:\Users\a0102\.cache\firebase\emulators\ui-v1.14.0\server
[debug] [2024-10-27T06:48:24.070Z] [unzip] deflating: C:\Users\a0102\.cache\firebase\emulators\ui-v1.14.0\server\server.mjs.map
[debug] [2024-10-27T06:48:24.082Z] [unzip] Entry: server/server.mjs (compressed_size=315701 bytes, uncompressed_size=1172682 bytes)
[debug] [2024-10-27T06:48:24.082Z] [unzip] Processing entry: server\server.mjs
[debug] [2024-10-27T06:48:24.082Z] [unzip] else mkdir: C:\Users\a0102\.cache\firebase\emulators\ui-v1.14.0\server
[debug] [2024-10-27T06:48:24.082Z] [unzip] deflating: C:\Users\a0102\.cache\firebase\emulators\ui-v1.14.0\server\server.mjs
[debug] [2024-10-27T06:48:24.092Z] [unzip] Entry: server/assets/ (compressed_size=0 bytes, uncompressed_size=0 bytes)
[debug] [2024-10-27T06:48:24.092Z] [unzip] Processing entry: server\assets\
[debug] [2024-10-27T06:48:24.092Z] [unzip] mkdir: C:\Users\a0102\.cache\firebase\emulators\ui-v1.14.0\server\assets\
[debug] [2024-10-27T06:48:24.093Z] [unzip] Entry: server/assets/multipart-parser-DGCUZdXu.mjs.map (compressed_size=4791 bytes, uncompressed_size=17918 bytes)
[debug] [2024-10-27T06:48:24.093Z] [unzip] Processing entry: server\assets\multipart-parser-DGCUZdXu.mjs.map
[debug] [2024-10-27T06:48:24.093Z] [unzip] else mkdir: C:\Users\a0102\.cache\firebase\emulators\ui-v1.14.0\server\assets
[debug] [2024-10-27T06:48:24.093Z] [unzip] deflating: C:\Users\a0102\.cache\firebase\emulators\ui-v1.14.0\server\assets\multipart-parser-DGCUZdXu.mjs.map
[debug] [2024-10-27T06:48:24.095Z] [unzip] Entry: server/assets/multipart-parser-DGCUZdXu.mjs (compressed_size=2621 bytes, uncompressed_size=10390 bytes)
[debug] [2024-10-27T06:48:24.095Z] [unzip] Processing entry: server\assets\multipart-parser-DGCUZdXu.mjs
[debug] [2024-10-27T06:48:24.096Z] [unzip] else mkdir: C:\Users\a0102\.cache\firebase\emulators\ui-v1.14.0\server\assets
[debug] [2024-10-27T06:48:24.096Z] [unzip] deflating: C:\Users\a0102\.cache\firebase\emulators\ui-v1.14.0\server\assets\multipart-parser-DGCUZdXu.mjs
[debug] [2024-10-27T06:48:24.110Z] Ignoring unsupported arg: auto_download {"metadata":{"emulator":{"name":"ui"},"message":"Ignoring unsupported arg: auto_download"}}
[debug] [2024-10-27T06:48:24.110Z] Ignoring unsupported arg: port {"metadata":{"emulator":{"name":"ui"},"message":"Ignoring unsupported arg: port"}}
[debug] [2024-10-27T06:48:24.110Z] Starting Emulator UI with command {"binary":"node","args":["C:\\Users\\a0102\\.cache\\firebase\\emulators\\ui-v1.14.0\\server\\server.mjs"],"optionalArgs":[],"joinArgs":false,"shell":false,"port":4000} {"metadata":{"emulator":{"name":"ui"},"message":"Starting Emulator UI with command {\"binary\":\"node\",\"args\":[\"C:\\\\Users\\\\a0102\\\\.cache\\\\firebase\\\\emulators\\\\ui-v1.14.0\\\\server\\\\server.mjs\"],\"optionalArgs\":[],\"joinArgs\":false,\"shell\":false,\"port\":4000}"}}
[info] i  ui: Emulator UI logging to ui-debug.log {"metadata":{"emulator":{"name":"ui"},"message":"Emulator UI logging to \u001b[1mui-debug.log\u001b[22m"}}
[debug] [2024-10-27T06:48:24.366Z] Web / API server started at 127.0.0.1:4000
 {"metadata":{"emulator":{"name":"ui"},"message":"Web / API server started at 127.0.0.1:4000\n"}}
[debug] [2024-10-27T06:48:24.366Z] Web / API server started at ::1:4000
 {"metadata":{"emulator":{"name":"ui"},"message":"Web / API server started at ::1:4000\n"}}
[debug] [2024-10-27T06:48:24.571Z] Could not find VSCode notification endpoint: FetchError: request to http://localhost:40001/vscode/notify failed, reason: . If you are not running the Firebase Data Connect VSCode extension, this is expected and not an issue.
[info] 
┌─────────────────────────────────────────────────────────────┐
│ ✔  All emulators ready! It is now safe to connect your app. │
│ i  View Emulator UI at http://127.0.0.1:4000/               │
└─────────────────────────────────────────────────────────────┘

┌───────────┬────────────────┬─────────────────────────────────┐
│ Emulator  │ Host:Port      │ View in Emulator UI             │
├───────────┼────────────────┼─────────────────────────────────┤
│ Firestore │ 127.0.0.1:8080 │ http://127.0.0.1:4000/firestore │
└───────────┴────────────────┴─────────────────────────────────┘
  Emulator Hub running at 127.0.0.1:4400
  Other reserved ports: 4500, 9150

Issues? Report them at https://github.com/firebase/firebase-tools/issues and attach the *-debug.log files.
 
[debug] [2024-10-27T06:49:48.310Z] Oct 27, 2024 3:49:48 PM com.google.cloud.datastore.emulator.firestore.websocket.WebSocketChannelHandler initChannel
INFO: Connected to new websocket client
 {"metadata":{"emulator":{"name":"firestore"},"message":"Oct 27, 2024 3:49:48 PM com.google.cloud.datastore.emulator.firestore.websocket.WebSocketChannelHandler initChannel\r\nINFO: Connected to new websocket client\r\n"}}
[debug] [2024-10-27T06:50:23.786Z] Oct 27, 2024 3:50:23 PM io.gapi.emulators.netty.HttpVersionRoutingHandler channelRead
INFO: Detected non-HTTP/2 connection.
 {"metadata":{"emulator":{"name":"firestore"},"message":"Oct 27, 2024 3:50:23 PM io.gapi.emulators.netty.HttpVersionRoutingHandler channelRead\r\nINFO: Detected non-HTTP/2 connection.\r\n"}}
[debug] [2024-10-27T06:50:24.169Z] Oct 27, 2024 3:50:24 PM io.gapi.emulators.netty.HttpVersionRoutingHandler channelRead
INFO: Detected HTTP/2 connection.
 {"metadata":{"emulator":{"name":"firestore"},"message":"Oct 27, 2024 3:50:24 PM io.gapi.emulators.netty.HttpVersionRoutingHandler channelRead\r\nINFO: Detected HTTP/2 connection.\r\n"}}
